Using pre-set license
Built from '6000.0/staging' branch; Version is '6000.0.23f1 (1c4764c07fb4) revision 1853284'; Using compiler version '193933523'; Build Type 'Release'
OS: 'Windows 11  (10.0.22631) 64bit Core' Language: 'ja' Physical Memory: 16068 MB
BatchMode: 1, IsHumanControllingUs: 0, StartBugReporterOnCrash: 0, Is64bit: 1, IsPro: 1

COMMAND LINE ARGUMENTS:
C:\Program Files\Unity\Hub\Editor\6000.0.23f1\Editor\Unity.exe
-adb2
-batchMode
-noUpm
-name
AssetImportWorker0
-projectPath
C:/Users/vantan/Desktop/Unity/RoguelikeGame
-logFile
Logs/AssetImportWorker0.log
-srvPort
55522
-job-worker-count
9
-background-job-worker-count
8
-asset-garbage-collectors
1
Successfully changed project path to: C:/Users/vantan/Desktop/Unity/RoguelikeGame
C:/Users/vantan/Desktop/Unity/RoguelikeGame
[UnityMemory] Configuration Parameters - Can be set up in boot.config
    "memorysetup-bucket-allocator-granularity=16"
    "memorysetup-bucket-allocator-bucket-count=8"
    "memorysetup-bucket-allocator-block-size=33554432"
    "memorysetup-bucket-allocator-block-count=8"
    "memorysetup-main-allocator-block-size=16777216"
    "memorysetup-thread-allocator-block-size=16777216"
    "memorysetup-gfx-main-allocator-block-size=16777216"
    "memorysetup-gfx-thread-allocator-block-size=16777216"
    "memorysetup-cache-allocator-block-size=4194304"
    "memorysetup-typetree-allocator-block-size=2097152"
    "memorysetup-profiler-bucket-allocator-granularity=16"
    "memorysetup-profiler-bucket-allocator-bucket-count=8"
    "memorysetup-profiler-bucket-allocator-block-size=33554432"
    "memorysetup-profiler-bucket-allocator-block-count=8"
    "memorysetup-profiler-allocator-block-size=16777216"
    "memorysetup-profiler-editor-allocator-block-size=1048576"
    "memorysetup-temp-allocator-size-main=16777216"
    "memorysetup-job-temp-allocator-block-size=2097152"
    "memorysetup-job-temp-allocator-block-size-background=1048576"
    "memorysetup-job-temp-allocator-reduction-small-platforms=262144"
    "memorysetup-allocator-temp-initial-block-size-main=262144"
    "memorysetup-allocator-temp-initial-block-size-worker=262144"
    "memorysetup-temp-allocator-size-background-worker=32768"
    "memorysetup-temp-allocator-size-job-worker=262144"
    "memorysetup-temp-allocator-size-preload-manager=33554432"
    "memorysetup-temp-allocator-size-nav-mesh-worker=65536"
    "memorysetup-temp-allocator-size-audio-worker=65536"
    "memorysetup-temp-allocator-size-cloud-worker=32768"
    "memorysetup-temp-allocator-size-gi-baking-worker=262144"
    "memorysetup-temp-allocator-size-gi-baking-worker=262144"
    "memorysetup-temp-allocator-size-gi-baking-worker=262144"
    "memorysetup-temp-allocator-size-gi-baking-worker=262144"
    "memorysetup-temp-allocator-size-gi-baking-worker=262144"
    "memorysetup-temp-allocator-size-gfx=262144"
Player connection [676]  Target information:

Player connection [676]  * "[IP] 192.168.11.32 [Port] 0 [Flags] 2 [Guid] 1308486732 [EditorId] 1308486732 [Version] 1048832 [Id] WindowsEditor(7,DESKTOP-1NCQE91) [Debug] 1 [PackageName] WindowsEditor [ProjectName] Editor" 

Player connection [676] Host joined multi-casting on [225.0.0.222:54997]...
Player connection [676] Host joined alternative multi-casting on [225.0.0.222:34997]...
JobSystem: Creating JobQueue using job-worker-count value 9
[Physics::Module] Initialized fallback backend.
[Physics::Module] Id: 0xdecafbad
Library Redirect Path: Library/
[Physics::Module] Selected backend.
[Physics::Module] Name: PhysX
[Physics::Module] Id: 0xf2b8ea05
[Physics::Module] SDK Version: 4.1.2
[Physics::Module] Integration Version: 1.0.0
[Physics::Module] Threading Mode: Multi-Threaded
Refreshing native plugins compatible for Editor in 4.00 ms, found 3 plugins.
Preloading 0 native plugins for Editor in 0.00 ms.
Initialize engine version: 6000.0.23f1 (1c4764c07fb4)
[Subsystems] Discovering subsystems at path C:/Program Files/Unity/Hub/Editor/6000.0.23f1/Editor/Data/Resources/UnitySubsystems
[Subsystems] Discovering subsystems at path C:/Users/vantan/Desktop/Unity/RoguelikeGame/Assets
GfxDevice: creating device client; kGfxThreadingModeNonThreaded
Direct3D:
    Version:  Direct3D 11.0 [level 11.1]
    Renderer: NVIDIA GeForce RTX 3060 Laptop GPU (ID=0x2560)
    Vendor:   NVIDIA
    VRAM:     5996 MB
    Driver:   32.0.15.6635
Initialize mono
Mono path[0] = 'C:/Program Files/Unity/Hub/Editor/6000.0.23f1/Editor/Data/Managed'
Mono path[1] = 'C:/Program Files/Unity/Hub/Editor/6000.0.23f1/Editor/Data/MonoBleedingEdge/lib/mono/unityjit-win32'
Mono config path = 'C:/Program Files/Unity/Hub/Editor/6000.0.23f1/Editor/Data/MonoBleedingEdge/etc'
Using monoOptions --debugger-agent=transport=dt_socket,embedding=1,server=y,suspend=n,address=127.0.0.1:56124
Begin MonoManager ReloadAssembly
Registering precompiled unity dll's ...
Register platform support module: C:/Program Files/Unity/Hub/Editor/6000.0.23f1/Editor/Data/PlaybackEngines/WindowsStandaloneSupport/UnityEditor.WindowsStandalone.Extensions.dll
Registered in 0.002199 seconds.
- Loaded All Assemblies, in  0.342 seconds
Native extension for WindowsStandalone target not found
Mono: successfully reloaded assembly
- Finished resetting the current domain, in  0.306 seconds
Domain Reload Profiling: 647ms
	BeginReloadAssembly (122ms)
		ExecutionOrderSort (0ms)
		DisableScriptedObjects (0ms)
		BackupInstance (0ms)
		ReleaseScriptingObjects (0ms)
		CreateAndSetChildDomain (1ms)
	RebuildCommonClasses (34ms)
	RebuildNativeTypeToScriptingClass (10ms)
	initialDomainReloadingComplete (42ms)
	LoadAllAssembliesAndSetupDomain (132ms)
		LoadAssemblies (120ms)
		RebuildTransferFunctionScriptingTraits (0ms)
		AnalyzeDomain (129ms)
			TypeCache.Refresh (128ms)
				TypeCache.ScanAssembly (117ms)
			BuildScriptInfoCaches (0ms)
			ResolveRequiredComponents (0ms)
	FinalizeReload (306ms)
		ReleaseScriptCaches (0ms)
		RebuildScriptCaches (0ms)
		SetupLoadedEditorAssemblies (274ms)
			LogAssemblyErrors (0ms)
			InitializePlatformSupportModulesInManaged (25ms)
			SetLoadedEditorAssemblies (5ms)
			BeforeProcessingInitializeOnLoad (6ms)
			ProcessInitializeOnLoadAttributes (175ms)
			ProcessInitializeOnLoadMethodAttributes (60ms)
			AfterProcessingInitializeOnLoad (3ms)
			EditorAssembliesLoaded (0ms)
		ExecutionOrderSort2 (0ms)
		AwakeInstancesAfterBackupRestoration (0ms)
========================================================================
Worker process is ready to serve import requests
Import Worker Mode flag is 0x00
Begin MonoManager ReloadAssembly
- Loaded All Assemblies, in  1.195 seconds
Refreshing native plugins compatible for Editor in 0.72 ms, found 3 plugins.
Native extension for WindowsStandalone target not found
Mono: successfully reloaded assembly
- Finished resetting the current domain, in  0.632 seconds
Domain Reload Profiling: 1825ms
	BeginReloadAssembly (709ms)
		ExecutionOrderSort (0ms)
		DisableScriptedObjects (5ms)
		BackupInstance (0ms)
		ReleaseScriptingObjects (0ms)
		CreateAndSetChildDomain (28ms)
	RebuildCommonClasses (32ms)
	RebuildNativeTypeToScriptingClass (10ms)
	initialDomainReloadingComplete (33ms)
	LoadAllAssembliesAndSetupDomain (409ms)
		LoadAssemblies (348ms)
		RebuildTransferFunctionScriptingTraits (0ms)
		AnalyzeDomain (163ms)
			TypeCache.Refresh (124ms)
				TypeCache.ScanAssembly (112ms)
			BuildScriptInfoCaches (33ms)
			ResolveRequiredComponents (4ms)
	FinalizeReload (632ms)
		ReleaseScriptCaches (0ms)
		RebuildScriptCaches (0ms)
		SetupLoadedEditorAssemblies (465ms)
			LogAssemblyErrors (0ms)
			InitializePlatformSupportModulesInManaged (2ms)
			SetLoadedEditorAssemblies (5ms)
			BeforeProcessingInitializeOnLoad (70ms)
			ProcessInitializeOnLoadAttributes (361ms)
			ProcessInitializeOnLoadMethodAttributes (21ms)
			AfterProcessingInitializeOnLoad (6ms)
			EditorAssembliesLoaded (0ms)
		ExecutionOrderSort2 (0ms)
		AwakeInstancesAfterBackupRestoration (5ms)
Launched and connected shader compiler UnityShaderCompiler.exe after 0.02 seconds
Refreshing native plugins compatible for Editor in 0.79 ms, found 3 plugins.
Preloading 0 native plugins for Editor in 0.00 ms.
Unloading 9 Unused Serialized files (Serialized files now loaded: 0)
Unloading 3262 unused Assets / (1.2 MB). Loaded Objects now: 3848.
Memory consumption went from 110.8 MB to 109.6 MB.
Total: 5.588900 ms (FindLiveObjects: 0.446800 ms CreateObjectMapping: 0.202500 ms MarkObjects: 4.093200 ms  DeleteObjects: 0.845300 ms)

========================================================================
Received Import Request.
  Time since last request: 414815.006596 seconds.
  path: Assets/Script/CharacterData/EnemysData.cs
  artifactKey: Guid(f77b438b5bdd9a74e90177e2c242603b) Importer(815301076,1909f56bfc062723c751e8b465ee728b)
Start importing Assets/Script/CharacterData/EnemysData.cs using Guid(f77b438b5bdd9a74e90177e2c242603b) Importer(815301076,1909f56bfc062723c751e8b465ee728b) (PreviewImporter) -> (artifact id: '51bfa3d91d3e88ac512ebe84bcbfac4d') in 0.006554 seconds
Number of updated asset objects reloaded before import = 0Number of asset objects unloaded after import = 0

========================================================================
Received Import Request.
  Time since last request: 6.170549 seconds.
  path: Assets/Script/FieldSetUp/FieldSetUpManager.cs
  artifactKey: Guid(0cac00d1b19b6354492b12d264072e47) Importer(815301076,1909f56bfc062723c751e8b465ee728b)
Start importing Assets/Script/FieldSetUp/FieldSetUpManager.cs using Guid(0cac00d1b19b6354492b12d264072e47) Importer(815301076,1909f56bfc062723c751e8b465ee728b) (PreviewImporter) -> (artifact id: '3b93acbaeeb9a9be002895690883c533') in 0.0006634 seconds
Number of updated asset objects reloaded before import = 0Number of asset objects unloaded after import = 0

========================================================================
Received Import Request.
  Time since last request: 12.342439 seconds.
  path: Assets/Script/FieldSetUp/characterSpawn.cs
  artifactKey: Guid(5c30e14318de1d7479390039623eacab) Importer(815301076,1909f56bfc062723c751e8b465ee728b)
Start importing Assets/Script/FieldSetUp/characterSpawn.cs using Guid(5c30e14318de1d7479390039623eacab) Importer(815301076,1909f56bfc062723c751e8b465ee728b) (PreviewImporter) -> (artifact id: '6f6cf5a93de77b5fb3e31282386d6ff5') in 0.0005592 seconds
Number of updated asset objects reloaded before import = 0Number of asset objects unloaded after import = 0

========================================================================
Received Import Request.
  Time since last request: 660.203676 seconds.
  path: Assets/Script/FieldSetUp/Enemy
  artifactKey: Guid(f5b2da7c1fb3d4741b49e443ff5a3720) Importer(815301076,1909f56bfc062723c751e8b465ee728b)
Start importing Assets/Script/FieldSetUp/Enemy using Guid(f5b2da7c1fb3d4741b49e443ff5a3720) Importer(815301076,1909f56bfc062723c751e8b465ee728b) (PreviewImporter) -> (artifact id: '8d3671c9bb7ad2e7641bb542476ab1ee') in 0.0006294 seconds
Number of updated asset objects reloaded before import = 0Number of asset objects unloaded after import = 0

========================================================================
Received Import Request.
  Time since last request: 5.023793 seconds.
  path: Assets/Script/FieldSetUp/Enemy/TestDataEnemy1.asset
  artifactKey: Guid(06d444034f9c9ef4b83d5f1199e9b74d) Importer(815301076,1909f56bfc062723c751e8b465ee728b)
Start importing Assets/Script/FieldSetUp/Enemy/TestDataEnemy1.asset using Guid(06d444034f9c9ef4b83d5f1199e9b74d) Importer(815301076,1909f56bfc062723c751e8b465ee728b) (PreviewImporter) -> (artifact id: 'c41f6212da6613f5e9e3e0826423dbf5') in 0.0636698 seconds
Number of updated asset objects reloaded before import = 0Number of asset objects unloaded after import = 7

========================================================================
Received Import Request.
  Time since last request: 0.000194 seconds.
  path: Assets/Script/FieldSetUp/Enemy/TestDataEnemy3.asset
  artifactKey: Guid(60ae35128daf80a478a36d59818b885f) Importer(815301076,1909f56bfc062723c751e8b465ee728b)
Start importing Assets/Script/FieldSetUp/Enemy/TestDataEnemy3.asset using Guid(60ae35128daf80a478a36d59818b885f) Importer(815301076,1909f56bfc062723c751e8b465ee728b) (PreviewImporter) -> (artifact id: '49b71979c207d1807d2d3f8f59927216') in 0.0371746 seconds
Number of updated asset objects reloaded before import = 0Number of asset objects unloaded after import = 7

========================================================================
Received Import Request.
  Time since last request: 35.961015 seconds.
  path: Assets/Script/Enemy/EnemyData
  artifactKey: Guid(f5b2da7c1fb3d4741b49e443ff5a3720) Importer(815301076,1909f56bfc062723c751e8b465ee728b)
Start importing Assets/Script/Enemy/EnemyData using Guid(f5b2da7c1fb3d4741b49e443ff5a3720) Importer(815301076,1909f56bfc062723c751e8b465ee728b) (PreviewImporter) -> (artifact id: '31553e605f9c324c5ef37cb012d526f5') in 0.0004715 seconds
Number of updated asset objects reloaded before import = 0Number of asset objects unloaded after import = 0

========================================================================
Received Import Request.
  Time since last request: 2073.846504 seconds.
  path: Assets/Script/Player/PlayerMove.cs
  artifactKey: Guid(3062be292648eb343838a67d9a445673) Importer(815301076,1909f56bfc062723c751e8b465ee728b)
Start importing Assets/Script/Player/PlayerMove.cs using Guid(3062be292648eb343838a67d9a445673) Importer(815301076,1909f56bfc062723c751e8b465ee728b) (PreviewImporter) -> (artifact id: '16b68f81d2a955333334d9179a6ac31e') in 0.0011186 seconds
Number of updated asset objects reloaded before import = 0Number of asset objects unloaded after import = 0

========================================================================
Received Import Request.
  Time since last request: 1317.696267 seconds.
  path: Assets/Script/EventManager
  artifactKey: Guid(f29b0f1ba230c2a46a618c27b99d4f00) Importer(815301076,1909f56bfc062723c751e8b465ee728b)
Start importing Assets/Script/EventManager using Guid(f29b0f1ba230c2a46a618c27b99d4f00) Importer(815301076,1909f56bfc062723c751e8b465ee728b) (PreviewImporter) -> (artifact id: 'b446a32483662a29caa7f2bff91f2b4b') in 0.0009137 seconds
Number of updated asset objects reloaded before import = 0Number of asset objects unloaded after import = 0

========================================================================
Received Prepare
Refreshing native plugins compatible for Editor in 0.92 ms, found 3 plugins.
Preloading 0 native plugins for Editor in 0.00 ms.
Unloading 0 Unused Serialized files (Serialized files now loaded: 0)
Unloading 3255 unused Assets / (0.6 MB). Loaded Objects now: 3853.
Memory consumption went from 107.6 MB to 107.0 MB.
Total: 42.954100 ms (FindLiveObjects: 0.812200 ms CreateObjectMapping: 0.233100 ms MarkObjects: 41.023900 ms  DeleteObjects: 0.883100 ms)

Prepare: number of updated asset objects reloaded= 0
========================================================================
Received Import Request.
  Time since last request: 47.576678 seconds.
  path: Assets/Script/EventManager/EventManager.cs
  artifactKey: Guid(35b195cd92007774688a3120d771cbae) Importer(815301076,1909f56bfc062723c751e8b465ee728b)
Start importing Assets/Script/EventManager/EventManager.cs using Guid(35b195cd92007774688a3120d771cbae) Importer(815301076,1909f56bfc062723c751e8b465ee728b) (PreviewImporter) -> (artifact id: '83ec994135009eea1620fa25f37a7f53') in 0.0049025 seconds
Number of updated asset objects reloaded before import = 0Number of asset objects unloaded after import = 0

========================================================================
Received Prepare
Begin MonoManager ReloadAssembly
- Loaded All Assemblies, in  5.706 seconds
Refreshing native plugins compatible for Editor in 0.56 ms, found 3 plugins.
Native extension for WindowsStandalone target not found
Mono: successfully reloaded assembly
- Finished resetting the current domain, in  0.584 seconds
Domain Reload Profiling: 6290ms
	BeginReloadAssembly (339ms)
		ExecutionOrderSort (0ms)
		DisableScriptedObjects (19ms)
		BackupInstance (0ms)
		ReleaseScriptingObjects (0ms)
		CreateAndSetChildDomain (109ms)
	RebuildCommonClasses (32ms)
	RebuildNativeTypeToScriptingClass (11ms)
	initialDomainReloadingComplete (26ms)
	LoadAllAssembliesAndSetupDomain (5297ms)
		LoadAssemblies (5302ms)
		RebuildTransferFunctionScriptingTraits (0ms)
		AnalyzeDomain (129ms)
			TypeCache.Refresh (9ms)
				TypeCache.ScanAssembly (0ms)
			BuildScriptInfoCaches (112ms)
			ResolveRequiredComponents (4ms)
	FinalizeReload (584ms)
		ReleaseScriptCaches (0ms)
		RebuildScriptCaches (0ms)
		SetupLoadedEditorAssemblies (420ms)
			LogAssemblyErrors (0ms)
			InitializePlatformSupportModulesInManaged (2ms)
			SetLoadedEditorAssemblies (5ms)
			BeforeProcessingInitializeOnLoad (65ms)
			ProcessInitializeOnLoadAttributes (319ms)
			ProcessInitializeOnLoadMethodAttributes (22ms)
			AfterProcessingInitializeOnLoad (6ms)
			EditorAssembliesLoaded (0ms)
		ExecutionOrderSort2 (0ms)
		AwakeInstancesAfterBackupRestoration (5ms)
Refreshing native plugins compatible for Editor in 0.70 ms, found 3 plugins.
Preloading 0 native plugins for Editor in 0.00 ms.
Unloading 0 Unused Serialized files (Serialized files now loaded: 0)
Unloading 3261 unused Assets / (0.6 MB). Loaded Objects now: 3853.
Memory consumption went from 110.9 MB to 110.3 MB.
Total: 5.411500 ms (FindLiveObjects: 0.405200 ms CreateObjectMapping: 0.193900 ms MarkObjects: 4.108900 ms  DeleteObjects: 0.702200 ms)

Prepare: number of updated asset objects reloaded= 0
========================================================================
Received Prepare
Refreshing native plugins compatible for Editor in 0.61 ms, found 3 plugins.
Preloading 0 native plugins for Editor in 0.00 ms.
Unloading 0 Unused Serialized files (Serialized files now loaded: 0)
Unloading 3255 unused Assets / (1.0 MB). Loaded Objects now: 3853.
Memory consumption went from 111.1 MB to 110.1 MB.
Total: 7.388900 ms (FindLiveObjects: 0.358200 ms CreateObjectMapping: 0.144100 ms MarkObjects: 5.731200 ms  DeleteObjects: 1.154200 ms)

Prepare: number of updated asset objects reloaded= 0
========================================================================
Received Prepare
Refreshing native plugins compatible for Editor in 0.82 ms, found 3 plugins.
Preloading 0 native plugins for Editor in 0.00 ms.
Unloading 0 Unused Serialized files (Serialized files now loaded: 0)
Unloading 3255 unused Assets / (0.7 MB). Loaded Objects now: 3853.
Memory consumption went from 111.1 MB to 110.4 MB.
Total: 5.014500 ms (FindLiveObjects: 0.436500 ms CreateObjectMapping: 0.281700 ms MarkObjects: 3.618500 ms  DeleteObjects: 0.676300 ms)

Prepare: number of updated asset objects reloaded= 0
========================================================================
Received Import Request.
  Time since last request: 4548.459818 seconds.
  path: Assets/Script/EventManager/TurnManager.cs
  artifactKey: Guid(35b195cd92007774688a3120d771cbae) Importer(815301076,1909f56bfc062723c751e8b465ee728b)
Start importing Assets/Script/EventManager/TurnManager.cs using Guid(35b195cd92007774688a3120d771cbae) Importer(815301076,1909f56bfc062723c751e8b465ee728b) (PreviewImporter) -> (artifact id: '0993315a6cd5305b000142996008ba60') in 0.006932 seconds
Number of updated asset objects reloaded before import = 0Number of asset objects unloaded after import = 0

========================================================================
Received Prepare
Refreshing native plugins compatible for Editor in 0.79 ms, found 3 plugins.
Preloading 0 native plugins for Editor in 0.00 ms.
Unloading 0 Unused Serialized files (Serialized files now loaded: 0)
Unloading 3255 unused Assets / (0.8 MB). Loaded Objects now: 3853.
Memory consumption went from 111.1 MB to 110.3 MB.
Total: 7.148200 ms (FindLiveObjects: 0.283800 ms CreateObjectMapping: 0.208900 ms MarkObjects: 5.600500 ms  DeleteObjects: 1.053500 ms)

Prepare: number of updated asset objects reloaded= 0
========================================================================
Received Import Request.
  Time since last request: 675.271581 seconds.
  path: Assets/Script/EventManager/TurnManager.cs
  artifactKey: Guid(35b195cd92007774688a3120d771cbae) Importer(815301076,1909f56bfc062723c751e8b465ee728b)
Start importing Assets/Script/EventManager/TurnManager.cs using Guid(35b195cd92007774688a3120d771cbae) Importer(815301076,1909f56bfc062723c751e8b465ee728b) (PreviewImporter) -> (artifact id: '1680549be38496ad28e9cfb9c4c466df') in 0.0015429 seconds
Number of updated asset objects reloaded before import = 0Number of asset objects unloaded after import = 0

========================================================================
Received Prepare
Begin MonoManager ReloadAssembly
- Loaded All Assemblies, in  1.008 seconds
Refreshing native plugins compatible for Editor in 0.67 ms, found 3 plugins.
Native extension for WindowsStandalone target not found
Mono: successfully reloaded assembly
- Finished resetting the current domain, in  0.581 seconds
Domain Reload Profiling: 1588ms
	BeginReloadAssembly (374ms)
		ExecutionOrderSort (0ms)
		DisableScriptedObjects (22ms)
		BackupInstance (0ms)
		ReleaseScriptingObjects (0ms)
		CreateAndSetChildDomain (116ms)
	RebuildCommonClasses (37ms)
	RebuildNativeTypeToScriptingClass (16ms)
	initialDomainReloadingComplete (36ms)
	LoadAllAssembliesAndSetupDomain (543ms)
		LoadAssemblies (566ms)
		RebuildTransferFunctionScriptingTraits (0ms)
		AnalyzeDomain (135ms)
			TypeCache.Refresh (10ms)
				TypeCache.ScanAssembly (0ms)
			BuildScriptInfoCaches (118ms)
			ResolveRequiredComponents (4ms)
	FinalizeReload (582ms)
		ReleaseScriptCaches (0ms)
		RebuildScriptCaches (0ms)
		SetupLoadedEditorAssemblies (413ms)
			LogAssemblyErrors (0ms)
			InitializePlatformSupportModulesInManaged (2ms)
			SetLoadedEditorAssemblies (5ms)
			BeforeProcessingInitializeOnLoad (66ms)
			ProcessInitializeOnLoadAttributes (315ms)
			ProcessInitializeOnLoadMethodAttributes (19ms)
			AfterProcessingInitializeOnLoad (6ms)
			EditorAssembliesLoaded (0ms)
		ExecutionOrderSort2 (0ms)
		AwakeInstancesAfterBackupRestoration (6ms)
Refreshing native plugins compatible for Editor in 0.61 ms, found 3 plugins.
Preloading 0 native plugins for Editor in 0.00 ms.
Unloading 0 Unused Serialized files (Serialized files now loaded: 0)
Unloading 3261 unused Assets / (0.9 MB). Loaded Objects now: 3853.
Memory consumption went from 110.9 MB to 110.0 MB.
Total: 4.906400 ms (FindLiveObjects: 0.250900 ms CreateObjectMapping: 0.204000 ms MarkObjects: 3.783900 ms  DeleteObjects: 0.666300 ms)

Prepare: number of updated asset objects reloaded= 0
========================================================================
Received Prepare
Refreshing native plugins compatible for Editor in 0.66 ms, found 3 plugins.
Preloading 0 native plugins for Editor in 0.00 ms.
Unloading 0 Unused Serialized files (Serialized files now loaded: 0)
Unloading 3256 unused Assets / (1.0 MB). Loaded Objects now: 3854.
Memory consumption went from 111.1 MB to 110.1 MB.
Total: 4.955700 ms (FindLiveObjects: 0.259600 ms CreateObjectMapping: 0.194600 ms MarkObjects: 3.832800 ms  DeleteObjects: 0.667600 ms)

Prepare: number of updated asset objects reloaded= 0
========================================================================
Received Import Request.
  Time since last request: 2105.359068 seconds.
  path: Assets/Script/EventManager/Commander.cs
  artifactKey: Guid(f8fa707d296d845478a3a9411b42f17d) Importer(815301076,1909f56bfc062723c751e8b465ee728b)
Start importing Assets/Script/EventManager/Commander.cs using Guid(f8fa707d296d845478a3a9411b42f17d) Importer(815301076,1909f56bfc062723c751e8b465ee728b) (PreviewImporter) -> (artifact id: '67861c45e1263e00f98d459def288d8a') in 0.0024337 seconds
Number of updated asset objects reloaded before import = 0Number of asset objects unloaded after import = 0

========================================================================
Received Prepare
Refreshing native plugins compatible for Editor in 0.69 ms, found 3 plugins.
Preloading 0 native plugins for Editor in 0.00 ms.
Unloading 0 Unused Serialized files (Serialized files now loaded: 0)
Unloading 3256 unused Assets / (0.9 MB). Loaded Objects now: 3854.
Memory consumption went from 111.1 MB to 110.1 MB.
Total: 6.114900 ms (FindLiveObjects: 0.418000 ms CreateObjectMapping: 0.229500 ms MarkObjects: 4.612400 ms  DeleteObjects: 0.853600 ms)

Prepare: number of updated asset objects reloaded= 0
========================================================================
Received Prepare
Begin MonoManager ReloadAssembly
- Loaded All Assemblies, in  0.516 seconds
Refreshing native plugins compatible for Editor in 0.55 ms, found 3 plugins.
Native extension for WindowsStandalone target not found
Mono: successfully reloaded assembly
- Finished resetting the current domain, in  0.608 seconds
Domain Reload Profiling: 1124ms
	BeginReloadAssembly (167ms)
		ExecutionOrderSort (0ms)
		DisableScriptedObjects (5ms)
		BackupInstance (0ms)
		ReleaseScriptingObjects (0ms)
		CreateAndSetChildDomain (37ms)
	RebuildCommonClasses (34ms)
	RebuildNativeTypeToScriptingClass (10ms)
	initialDomainReloadingComplete (19ms)
	LoadAllAssembliesAndSetupDomain (285ms)
		LoadAssemblies (253ms)
		RebuildTransferFunctionScriptingTraits (0ms)
		AnalyzeDomain (122ms)
			TypeCache.Refresh (7ms)
				TypeCache.ScanAssembly (0ms)
			BuildScriptInfoCaches (110ms)
			ResolveRequiredComponents (4ms)
	FinalizeReload (609ms)
		ReleaseScriptCaches (0ms)
		RebuildScriptCaches (0ms)
		SetupLoadedEditorAssemblies (441ms)
			LogAssemblyErrors (0ms)
			InitializePlatformSupportModulesInManaged (2ms)
			SetLoadedEditorAssemblies (5ms)
			BeforeProcessingInitializeOnLoad (72ms)
			ProcessInitializeOnLoadAttributes (335ms)
			ProcessInitializeOnLoadMethodAttributes (20ms)
			AfterProcessingInitializeOnLoad (6ms)
			EditorAssembliesLoaded (0ms)
		ExecutionOrderSort2 (0ms)
		AwakeInstancesAfterBackupRestoration (5ms)
Refreshing native plugins compatible for Editor in 0.63 ms, found 3 plugins.
Preloading 0 native plugins for Editor in 0.00 ms.
Unloading 0 Unused Serialized files (Serialized files now loaded: 0)
Unloading 3262 unused Assets / (1.0 MB). Loaded Objects now: 3854.
Memory consumption went from 110.9 MB to 109.9 MB.
Total: 4.799200 ms (FindLiveObjects: 0.283100 ms CreateObjectMapping: 0.227300 ms MarkObjects: 3.576600 ms  DeleteObjects: 0.711000 ms)

Prepare: number of updated asset objects reloaded= 0
========================================================================
Received Import Request.
  Time since last request: 5.465204 seconds.
  path: Assets/Script/EventManager/Commander.cs
  artifactKey: Guid(f8fa707d296d845478a3a9411b42f17d) Importer(815301076,1909f56bfc062723c751e8b465ee728b)
Start importing Assets/Script/EventManager/Commander.cs using Guid(f8fa707d296d845478a3a9411b42f17d) Importer(815301076,1909f56bfc062723c751e8b465ee728b) (PreviewImporter) -> (artifact id: '1fa7989de8b833e6032ef8bf8283e0a3') in 0.0027399 seconds
Number of updated asset objects reloaded before import = 0Number of asset objects unloaded after import = 0

========================================================================
Received Import Request.
  Time since last request: 3.362547 seconds.
  path: Assets/Script/EventManager/TurnManager.cs
  artifactKey: Guid(35b195cd92007774688a3120d771cbae) Importer(815301076,1909f56bfc062723c751e8b465ee728b)
Start importing Assets/Script/EventManager/TurnManager.cs using Guid(35b195cd92007774688a3120d771cbae) Importer(815301076,1909f56bfc062723c751e8b465ee728b) (PreviewImporter) -> (artifact id: '526881a30ecc24b3173e238cede3b5f6') in 0.0005667 seconds
Number of updated asset objects reloaded before import = 0Number of asset objects unloaded after import = 0

========================================================================
Received Prepare
Refreshing native plugins compatible for Editor in 0.88 ms, found 3 plugins.
Preloading 0 native plugins for Editor in 0.00 ms.
Unloading 0 Unused Serialized files (Serialized files now loaded: 0)
Unloading 3256 unused Assets / (0.7 MB). Loaded Objects now: 3854.
Memory consumption went from 111.1 MB to 110.4 MB.
Total: 6.474800 ms (FindLiveObjects: 0.412100 ms CreateObjectMapping: 0.202000 ms MarkObjects: 5.193500 ms  DeleteObjects: 0.660700 ms)

Prepare: number of updated asset objects reloaded= 0
========================================================================
Received Import Request.
  Time since last request: 163.788979 seconds.
  path: Assets/Script/EventManager/TurnManager.cs
  artifactKey: Guid(35b195cd92007774688a3120d771cbae) Importer(815301076,1909f56bfc062723c751e8b465ee728b)
Start importing Assets/Script/EventManager/TurnManager.cs using Guid(35b195cd92007774688a3120d771cbae) Importer(815301076,1909f56bfc062723c751e8b465ee728b) (PreviewImporter) -> (artifact id: 'c822a262c6caaa8df2e2c29e32c444b0') in 0.0014934 seconds
Number of updated asset objects reloaded before import = 0Number of asset objects unloaded after import = 0

========================================================================
Received Prepare
Refreshing native plugins compatible for Editor in 0.66 ms, found 3 plugins.
Preloading 0 native plugins for Editor in 0.00 ms.
Unloading 0 Unused Serialized files (Serialized files now loaded: 0)
Unloading 3256 unused Assets / (0.8 MB). Loaded Objects now: 3854.
Memory consumption went from 111.1 MB to 110.3 MB.
Total: 5.531300 ms (FindLiveObjects: 0.371700 ms CreateObjectMapping: 0.350000 ms MarkObjects: 4.123500 ms  DeleteObjects: 0.684400 ms)

Prepare: number of updated asset objects reloaded= 0
========================================================================
Received Import Request.
  Time since last request: 48.076236 seconds.
  path: Assets/Script/EventManager/TurnManager.cs
  artifactKey: Guid(35b195cd92007774688a3120d771cbae) Importer(815301076,1909f56bfc062723c751e8b465ee728b)
Start importing Assets/Script/EventManager/TurnManager.cs using Guid(35b195cd92007774688a3120d771cbae) Importer(815301076,1909f56bfc062723c751e8b465ee728b) (PreviewImporter) -> (artifact id: 'e5cd16d06af525508881dfd7cec96411') in 0.0014473 seconds
Number of updated asset objects reloaded before import = 0Number of asset objects unloaded after import = 0

========================================================================
Received Prepare
Refreshing native plugins compatible for Editor in 0.87 ms, found 3 plugins.
Preloading 0 native plugins for Editor in 0.00 ms.
Unloading 0 Unused Serialized files (Serialized files now loaded: 0)
Unloading 3256 unused Assets / (0.9 MB). Loaded Objects now: 3854.
Memory consumption went from 111.1 MB to 110.2 MB.
Total: 6.485200 ms (FindLiveObjects: 0.287800 ms CreateObjectMapping: 0.196800 ms MarkObjects: 5.005200 ms  DeleteObjects: 0.994000 ms)

Prepare: number of updated asset objects reloaded= 0
========================================================================
Received Prepare
Refreshing native plugins compatible for Editor in 0.64 ms, found 3 plugins.
Preloading 0 native plugins for Editor in 0.00 ms.
Unloading 0 Unused Serialized files (Serialized files now loaded: 0)
Unloading 3256 unused Assets / (1.0 MB). Loaded Objects now: 3854.
Memory consumption went from 111.1 MB to 110.1 MB.
Total: 4.616600 ms (FindLiveObjects: 0.277200 ms CreateObjectMapping: 0.194600 ms MarkObjects: 3.425300 ms  DeleteObjects: 0.718300 ms)

Prepare: number of updated asset objects reloaded= 0
========================================================================
Received Prepare
Refreshing native plugins compatible for Editor in 0.69 ms, found 3 plugins.
Preloading 0 native plugins for Editor in 0.00 ms.
Unloading 0 Unused Serialized files (Serialized files now loaded: 0)
Unloading 3256 unused Assets / (0.9 MB). Loaded Objects now: 3854.
Memory consumption went from 111.1 MB to 110.2 MB.
Total: 4.719100 ms (FindLiveObjects: 0.286000 ms CreateObjectMapping: 0.184400 ms MarkObjects: 3.595600 ms  DeleteObjects: 0.652200 ms)

Prepare: number of updated asset objects reloaded= 0
========================================================================
Received Prepare
Begin MonoManager ReloadAssembly
- Loaded All Assemblies, in  0.547 seconds
Refreshing native plugins compatible for Editor in 1.09 ms, found 3 plugins.
Native extension for WindowsStandalone target not found
Mono: successfully reloaded assembly
- Finished resetting the current domain, in  0.590 seconds
Domain Reload Profiling: 1137ms
	BeginReloadAssembly (173ms)
		ExecutionOrderSort (0ms)
		DisableScriptedObjects (5ms)
		BackupInstance (0ms)
		ReleaseScriptingObjects (0ms)
		CreateAndSetChildDomain (37ms)
	RebuildCommonClasses (29ms)
	RebuildNativeTypeToScriptingClass (11ms)
	initialDomainReloadingComplete (21ms)
	LoadAllAssembliesAndSetupDomain (312ms)
		LoadAssemblies (274ms)
		RebuildTransferFunctionScriptingTraits (0ms)
		AnalyzeDomain (133ms)
			TypeCache.Refresh (7ms)
				TypeCache.ScanAssembly (0ms)
			BuildScriptInfoCaches (120ms)
			ResolveRequiredComponents (4ms)
	FinalizeReload (591ms)
		ReleaseScriptCaches (0ms)
		RebuildScriptCaches (0ms)
		SetupLoadedEditorAssemblies (426ms)
			LogAssemblyErrors (0ms)
			InitializePlatformSupportModulesInManaged (3ms)
			SetLoadedEditorAssemblies (5ms)
			BeforeProcessingInitializeOnLoad (69ms)
			ProcessInitializeOnLoadAttributes (324ms)
			ProcessInitializeOnLoadMethodAttributes (18ms)
			AfterProcessingInitializeOnLoad (6ms)
			EditorAssembliesLoaded (0ms)
		ExecutionOrderSort2 (0ms)
		AwakeInstancesAfterBackupRestoration (5ms)
Refreshing native plugins compatible for Editor in 0.61 ms, found 3 plugins.
Preloading 0 native plugins for Editor in 0.00 ms.
Unloading 0 Unused Serialized files (Serialized files now loaded: 0)
Unloading 3262 unused Assets / (0.8 MB). Loaded Objects now: 3854.
Memory consumption went from 110.9 MB to 110.1 MB.
Total: 4.477800 ms (FindLiveObjects: 0.248200 ms CreateObjectMapping: 0.181900 ms MarkObjects: 3.453700 ms  DeleteObjects: 0.592600 ms)

Prepare: number of updated asset objects reloaded= 0
========================================================================
Received Import Request.
  Time since last request: 868.333278 seconds.
  path: Assets/Script/EventManager/TurnManager.cs
  artifactKey: Guid(35b195cd92007774688a3120d771cbae) Importer(815301076,1909f56bfc062723c751e8b465ee728b)
Start importing Assets/Script/EventManager/TurnManager.cs using Guid(35b195cd92007774688a3120d771cbae) Importer(815301076,1909f56bfc062723c751e8b465ee728b) (PreviewImporter) -> (artifact id: '39aadcbefed5f6f95f5863359631897b') in 0.0040887 seconds
Number of updated asset objects reloaded before import = 0Number of asset objects unloaded after import = 0

